<?xml version="1.0" encoding="UTF-8"?>
<robot generator="Robot 4.0.3 (Python 3.9.4 on win32)" generated="20210617 23:12:31.947" rpa="false" schemaversion="2">
<suite id="s1" name="Tests" source="D:\IDrive-Sync\RobotFramework\PrimeExperts\web_testing\desafio_pessoal\tests">
<suite id="s1-s1" name="Conta" source="D:\IDrive-Sync\RobotFramework\PrimeExperts\web_testing\desafio_pessoal\tests\Conta">
<suite id="s1-s1-s1" name="Criar" source="D:\IDrive-Sync\RobotFramework\PrimeExperts\web_testing\desafio_pessoal\tests\Conta\Criar.robot">
<kw name="Abrir o Navegador" library="Commom" type="SETUP">
<kw name="Open Browser" library="SeleniumLibrary">
<arg>browser=chrome</arg>
<doc>Opens a new browser instance to the optional ``url``.</doc>
<msg timestamp="20210617 23:12:32.228" level="INFO">Opening browser 'chrome' to base url 'None'.</msg>
<status status="PASS" starttime="20210617 23:12:32.228" endtime="20210617 23:12:33.695"/>
</kw>
<status status="PASS" starttime="20210617 23:12:32.227" endtime="20210617 23:12:33.695"/>
</kw>
<test id="s1-s1-s1-t1" name="Caso de Teste 04: Adicionar Cliente">
<kw name="Acessar a página home do site Automation Practice" library="HeaderPage">
<kw name="Go To" library="SeleniumLibrary">
<arg>${URL}</arg>
<doc>Navigates the current browser window to the provided ``url``.</doc>
<msg timestamp="20210617 23:12:33.697" level="INFO">Opening url 'http://automationpractice.com'</msg>
<status status="PASS" starttime="20210617 23:12:33.697" endtime="20210617 23:12:41.587"/>
</kw>
<kw name="Wait Until Element Is Visible" library="SeleniumLibrary">
<arg>${HEADER}[logo]</arg>
<arg>timeout=${TIMEOUT}</arg>
<doc>Waits until the element ``locator`` is visible.</doc>
<status status="PASS" starttime="20210617 23:12:41.587" endtime="20210617 23:12:41.619"/>
</kw>
<status status="PASS" starttime="20210617 23:12:33.696" endtime="20210617 23:12:41.619"/>
</kw>
<kw name="Clicar em &quot;Sign in&quot;" library="AuthenticationPage">
<kw name="Click Link" library="SeleniumLibrary">
<arg>${HEADER}[menu_signin]</arg>
<doc>Clicks a link identified by ``locator``.</doc>
<msg timestamp="20210617 23:12:41.620" level="INFO">Clicking link 'css=a.login'.</msg>
<status status="PASS" starttime="20210617 23:12:41.620" endtime="20210617 23:12:43.234"/>
</kw>
<status status="PASS" starttime="20210617 23:12:41.620" endtime="20210617 23:12:43.235"/>
</kw>
<kw name="Informar um e-mail válido" library="AuthenticationPage">
<kw name="Wait Until Element Is Visible" library="SeleniumLibrary">
<arg>${AUTH}[botao_criar_conta]</arg>
<arg>timeout=${TIMEOUT}</arg>
<doc>Waits until the element ``locator`` is visible.</doc>
<status status="PASS" starttime="20210617 23:12:43.236" endtime="20210617 23:12:43.269"/>
</kw>
<kw name="Gerar Identificador Único" library="AuthenticationPage">
<var>${id}</var>
<kw name="Evaluate" library="BuiltIn">
<var>${uuid}</var>
<arg>uuid.uuid4()</arg>
<arg>modules=uuid</arg>
<doc>Evaluates the given expression in Python and returns the result.</doc>
<msg timestamp="20210617 23:12:43.270" level="INFO">${uuid} = bccdb590-7820-4e77-ac87-ef43c8fd35c1</msg>
<status status="PASS" starttime="20210617 23:12:43.269" endtime="20210617 23:12:43.270"/>
</kw>
<msg timestamp="20210617 23:12:43.270" level="INFO">${id} = bccdb590-7820-4e77-ac87-ef43c8fd35c1</msg>
<status status="PASS" starttime="20210617 23:12:43.269" endtime="20210617 23:12:43.270"/>
</kw>
<kw name="Input Text" library="SeleniumLibrary">
<arg>${AUTH}[input_email]</arg>
<arg>${USUARIO}[nome]_${id}@gmail.com</arg>
<doc>Types the given ``text`` into the text field identified by ``locator``.</doc>
<msg timestamp="20210617 23:12:43.271" level="INFO">Typing text 'Fulano_bccdb590-7820-4e77-ac87-ef43c8fd35c1@gmail.com' into text field 'css=input#email_create'.</msg>
<status status="PASS" starttime="20210617 23:12:43.270" endtime="20210617 23:12:43.408"/>
</kw>
<status status="PASS" starttime="20210617 23:12:43.235" endtime="20210617 23:12:43.409"/>
</kw>
<kw name="Clicar em &quot;Create an account&quot;" library="AuthenticationPage">
<kw name="Click Element" library="SeleniumLibrary">
<arg>${AUTH}[botao_criar_conta]</arg>
<doc>Click the element identified by ``locator``.</doc>
<msg timestamp="20210617 23:12:43.410" level="INFO">Clicking element 'css=div.submit &gt; button'.</msg>
<status status="PASS" starttime="20210617 23:12:43.409" endtime="20210617 23:12:43.464"/>
</kw>
<status status="PASS" starttime="20210617 23:12:43.409" endtime="20210617 23:12:43.464"/>
</kw>
<kw name="Preencher os dados obrigatórios" library="AuthenticationPage">
<kw name="Wait Until Element Is Visible" library="SeleniumLibrary">
<arg>${AUTH}[input_empresa]</arg>
<arg>timeout=${TIMEOUT}</arg>
<doc>Waits until the element ``locator`` is visible.</doc>
<status status="PASS" starttime="20210617 23:12:43.465" endtime="20210617 23:12:44.834"/>
</kw>
<kw name="Click Element" library="SeleniumLibrary">
<arg>${AUTH}[radio_titulo_mr]</arg>
<doc>Click the element identified by ``locator``.</doc>
<msg timestamp="20210617 23:12:44.835" level="INFO">Clicking element 'css=input#id_gender1'.</msg>
<status status="PASS" starttime="20210617 23:12:44.835" endtime="20210617 23:12:44.892"/>
</kw>
<kw name="Input Text" library="SeleniumLibrary">
<arg>${AUTH}[input_nome]</arg>
<arg>${USUARIO}[nome]</arg>
<doc>Types the given ``text`` into the text field identified by ``locator``.</doc>
<msg timestamp="20210617 23:12:44.893" level="INFO">Typing text 'Fulano' into text field 'css=input#customer_firstname'.</msg>
<status status="PASS" starttime="20210617 23:12:44.892" endtime="20210617 23:12:44.986"/>
</kw>
<kw name="Input Text" library="SeleniumLibrary">
<arg>${AUTH}[input_sobrenome]</arg>
<arg>${USUARIO}[sobrenome]</arg>
<doc>Types the given ``text`` into the text field identified by ``locator``.</doc>
<msg timestamp="20210617 23:12:44.987" level="INFO">Typing text 'de Tal' into text field 'css=input#customer_lastname'.</msg>
<status status="PASS" starttime="20210617 23:12:44.987" endtime="20210617 23:12:45.079"/>
</kw>
<kw name="Input Password" library="SeleniumLibrary">
<arg>${AUTH}[input_senha]</arg>
<arg>${USUARIO}[senha]</arg>
<doc>Types the given password into the text field identified by ``locator``.</doc>
<msg timestamp="20210617 23:12:45.079" level="INFO">Typing password into text field 'css=input#passwd'.</msg>
<msg timestamp="20210617 23:12:45.121" level="INFO">Temporally setting log level to: NONE</msg>
<msg timestamp="20210617 23:12:45.176" level="INFO">Log level changed from NONE to INFO.</msg>
<status status="PASS" starttime="20210617 23:12:45.079" endtime="20210617 23:12:45.176"/>
</kw>
<kw name="Select From List By Value" library="SeleniumLibrary">
<arg>${AUTH}[combo_dia_nascimento]</arg>
<arg>${USUARIO}[dia_nascimento]</arg>
<doc>Selects options from selection list ``locator`` by ``values``.</doc>
<msg timestamp="20210617 23:12:45.177" level="INFO">Selecting options from selection list 'css=select#days' by value 24.</msg>
<status status="PASS" starttime="20210617 23:12:45.176" endtime="20210617 23:12:45.251"/>
</kw>
<kw name="Select From List By Value" library="SeleniumLibrary">
<arg>${AUTH}[combo_mes_nascimento]</arg>
<arg>${USUARIO}[mes_nascimento]</arg>
<doc>Selects options from selection list ``locator`` by ``values``.</doc>
<msg timestamp="20210617 23:12:45.252" level="INFO">Selecting options from selection list 'css=select#months' by value 10.</msg>
<status status="PASS" starttime="20210617 23:12:45.251" endtime="20210617 23:12:45.322"/>
</kw>
<kw name="Select From List By Value" library="SeleniumLibrary">
<arg>${AUTH}[combo_ano_nascimento]</arg>
<arg>${USUARIO}[ano_nascimeno]</arg>
<doc>Selects options from selection list ``locator`` by ``values``.</doc>
<msg timestamp="20210617 23:12:45.323" level="INFO">Selecting options from selection list 'css=select#years' by value 1975.</msg>
<status status="PASS" starttime="20210617 23:12:45.322" endtime="20210617 23:12:45.436"/>
</kw>
<kw name="Select Checkbox" library="SeleniumLibrary">
<arg>${AUTH}[checkbox_newsletter]</arg>
<doc>Selects the checkbox identified by ``locator``.</doc>
<msg timestamp="20210617 23:12:45.437" level="INFO">Selecting checkbox 'css=input#newsletter'.</msg>
<status status="PASS" starttime="20210617 23:12:45.436" endtime="20210617 23:12:45.503"/>
</kw>
<kw name="Input Text" library="SeleniumLibrary">
<arg>${AUTH}[input_empresa]</arg>
<arg>${USUARIO}[empresa]</arg>
<doc>Types the given ``text`` into the text field identified by ``locator``.</doc>
<msg timestamp="20210617 23:12:45.503" level="INFO">Typing text 'Microsoft Redmond Woods Campus' into text field 'css=input#company'.</msg>
<status status="PASS" starttime="20210617 23:12:45.503" endtime="20210617 23:12:45.611"/>
</kw>
<kw name="Input Text" library="SeleniumLibrary">
<arg>${AUTH}[input_endereco_1]</arg>
<arg>${USUARIO}[endereco_1]</arg>
<doc>Types the given ``text`` into the text field identified by ``locator``.</doc>
<msg timestamp="20210617 23:12:45.612" level="INFO">Typing text '5000 148th Ave NE' into text field 'css=input#address1'.</msg>
<status status="PASS" starttime="20210617 23:12:45.611" endtime="20210617 23:12:45.739"/>
</kw>
<kw name="Input Text" library="SeleniumLibrary">
<arg>${AUTH}[input_endereco_2]</arg>
<arg>${USUARIO}[endereco_2]</arg>
<doc>Types the given ``text`` into the text field identified by ``locator``.</doc>
<msg timestamp="20210617 23:12:45.740" level="INFO">Typing text 'Redmond Woods' into text field 'css=input#address2'.</msg>
<status status="PASS" starttime="20210617 23:12:45.739" endtime="20210617 23:12:45.858"/>
</kw>
<kw name="Input Text" library="SeleniumLibrary">
<arg>${AUTH}[input_cidade]</arg>
<arg>${USUARIO}[cidade]</arg>
<doc>Types the given ``text`` into the text field identified by ``locator``.</doc>
<msg timestamp="20210617 23:12:45.859" level="INFO">Typing text 'Redmond' into text field 'css=input#city'.</msg>
<status status="PASS" starttime="20210617 23:12:45.859" endtime="20210617 23:12:45.945"/>
</kw>
<kw name="Select From List By Label" library="SeleniumLibrary">
<arg>${AUTH}[combo_estado]</arg>
<arg>${USUARIO}[estado]</arg>
<doc>Selects options from selection list ``locator`` by ``labels``.</doc>
<msg timestamp="20210617 23:12:45.945" level="INFO">Selecting options from selection list 'css=select#id_state' by label Washington.</msg>
<status status="PASS" starttime="20210617 23:12:45.945" endtime="20210617 23:12:46.011"/>
</kw>
<kw name="Input Text" library="SeleniumLibrary">
<arg>${AUTH}[input_cep]</arg>
<arg>${USUARIO}[cep]</arg>
<doc>Types the given ``text`` into the text field identified by ``locator``.</doc>
<msg timestamp="20210617 23:12:46.012" level="INFO">Typing text '98052' into text field 'css=input#postcode'.</msg>
<status status="PASS" starttime="20210617 23:12:46.012" endtime="20210617 23:12:46.096"/>
</kw>
<kw name="Input Text" library="SeleniumLibrary">
<arg>${AUTH}[input_telefone]</arg>
<arg>${USUARIO}[telefone]</arg>
<doc>Types the given ``text`` into the text field identified by ``locator``.</doc>
<msg timestamp="20210617 23:12:46.097" level="INFO">Typing text '+1 425-706-0031' into text field 'css=input#phone'.</msg>
<status status="PASS" starttime="20210617 23:12:46.097" endtime="20210617 23:12:46.190"/>
</kw>
<kw name="Input Text" library="SeleniumLibrary">
<arg>${AUTH}[input_celular]</arg>
<arg>${USUARIO}[celular]</arg>
<doc>Types the given ``text`` into the text field identified by ``locator``.</doc>
<msg timestamp="20210617 23:12:46.190" level="INFO">Typing text '+1 425-985-8080' into text field 'css=input#phone_mobile'.</msg>
<status status="PASS" starttime="20210617 23:12:46.190" endtime="20210617 23:12:46.277"/>
</kw>
<status status="PASS" starttime="20210617 23:12:43.464" endtime="20210617 23:12:46.277"/>
</kw>
<kw name="Submeter cadastro" library="AuthenticationPage">
<kw name="Click Element" library="SeleniumLibrary">
<arg>${AUTH}[botao_registrar]</arg>
<doc>Click the element identified by ``locator``.</doc>
<msg timestamp="20210617 23:12:46.278" level="INFO">Clicking element 'css=button#submitAccount'.</msg>
<status status="PASS" starttime="20210617 23:12:46.278" endtime="20210617 23:12:47.769"/>
</kw>
<status status="PASS" starttime="20210617 23:12:46.278" endtime="20210617 23:12:47.769"/>
</kw>
<kw name="Conferir se o cadastro foi efetuado com sucesso" library="AuthenticationPage">
<kw name="Wait Until Element Is Visible" library="SeleniumLibrary">
<arg>${HEADER}[menu_signout]</arg>
<arg>timeout=${TIMEOUT}</arg>
<doc>Waits until the element ``locator`` is visible.</doc>
<status status="PASS" starttime="20210617 23:12:47.771" endtime="20210617 23:12:47.800"/>
</kw>
<kw name="Page Should Contain" library="SeleniumLibrary">
<arg>${USUARIO}[nome]</arg>
<doc>Verifies that current page contains ``text``.</doc>
<msg timestamp="20210617 23:12:47.813" level="INFO">Current page contains text 'Fulano'.</msg>
<status status="PASS" starttime="20210617 23:12:47.800" endtime="20210617 23:12:47.813"/>
</kw>
<status status="PASS" starttime="20210617 23:12:47.770" endtime="20210617 23:12:47.813"/>
</kw>
<status status="PASS" starttime="20210617 23:12:33.695" endtime="20210617 23:12:47.814"/>
</test>
<kw name="Fechar o Navegador" library="Commom" type="TEARDOWN">
<kw name="Close Browser" library="SeleniumLibrary">
<doc>Closes the current browser.</doc>
<status status="PASS" starttime="20210617 23:12:47.816" endtime="20210617 23:12:49.992"/>
</kw>
<status status="PASS" starttime="20210617 23:12:47.816" endtime="20210617 23:12:49.993"/>
</kw>
<doc>Suíte de Teste CRIAR - Site: http://automationpractice.com</doc>
<status status="PASS" starttime="20210617 23:12:31.978" endtime="20210617 23:12:49.993"/>
</suite>
<status status="PASS" starttime="20210617 23:12:31.974" endtime="20210617 23:12:50.001"/>
</suite>
<suite id="s1-s2" name="Produtos" source="D:\IDrive-Sync\RobotFramework\PrimeExperts\web_testing\desafio_pessoal\tests\Produtos">
<suite id="s1-s2-s1" name="Listar" source="D:\IDrive-Sync\RobotFramework\PrimeExperts\web_testing\desafio_pessoal\tests\Produtos\Listar.robot">
<kw name="Abrir o Navegador" library="Commom" type="SETUP">
<kw name="Open Browser" library="SeleniumLibrary">
<arg>browser=chrome</arg>
<doc>Opens a new browser instance to the optional ``url``.</doc>
<msg timestamp="20210617 23:12:50.067" level="INFO">Opening browser 'chrome' to base url 'None'.</msg>
<status status="PASS" starttime="20210617 23:12:50.066" endtime="20210617 23:12:51.417"/>
</kw>
<status status="PASS" starttime="20210617 23:12:50.066" endtime="20210617 23:12:51.417"/>
</kw>
<test id="s1-s2-s1-t1" name="Caso de Teste 03: Listar Produtos">
<kw name="Acessar a página home do site Automation Practice" library="HeaderPage">
<kw name="Go To" library="SeleniumLibrary">
<arg>${URL}</arg>
<doc>Navigates the current browser window to the provided ``url``.</doc>
<msg timestamp="20210617 23:12:51.418" level="INFO">Opening url 'http://automationpractice.com'</msg>
<status status="PASS" starttime="20210617 23:12:51.418" endtime="20210617 23:12:58.189"/>
</kw>
<kw name="Wait Until Element Is Visible" library="SeleniumLibrary">
<arg>${HEADER}[logo]</arg>
<arg>timeout=${TIMEOUT}</arg>
<doc>Waits until the element ``locator`` is visible.</doc>
<status status="PASS" starttime="20210617 23:12:58.189" endtime="20210617 23:12:58.218"/>
</kw>
<status status="PASS" starttime="20210617 23:12:51.418" endtime="20210617 23:12:58.218"/>
</kw>
<kw name="Passar o mouse por cima da categoria &quot;Women&quot; no menu principal superior de categorias" library="HeaderPage">
<kw name="Mouse Over" library="SeleniumLibrary">
<arg>${HEADER}[menu_women]</arg>
<doc>Simulates hovering the mouse over the element ``locator``.</doc>
<msg timestamp="20210617 23:12:58.220" level="INFO">Simulating Mouse Over on element 'css=a.sf-with-ul[title='Women']'.</msg>
<status status="PASS" starttime="20210617 23:12:58.219" endtime="20210617 23:12:58.519"/>
</kw>
<status status="PASS" starttime="20210617 23:12:58.219" endtime="20210617 23:12:58.520"/>
</kw>
<kw name="Clicar na sub categoria &quot;Summer Dresses&quot;" library="HeaderPage">
<kw name="Click Element" library="SeleniumLibrary">
<arg>${HEADER}[item_do_menu_sumer_dresses]</arg>
<doc>Click the element identified by ``locator``.</doc>
<msg timestamp="20210617 23:12:58.521" level="INFO">Clicking element 'css= a[title='Summer Dresses']'.</msg>
<status status="PASS" starttime="20210617 23:12:58.521" endtime="20210617 23:13:02.458"/>
</kw>
<status status="PASS" starttime="20210617 23:12:58.520" endtime="20210617 23:13:02.459"/>
</kw>
<kw name="Conferir se os produtos da sub-categoria &quot;Summer Dresses&quot; foram mostrados na página" library="ListingPage">
<kw name="Wait Until Element Is Visible" library="SeleniumLibrary">
<arg>${LISTING}[banner_nome_categoria]</arg>
<arg>timeout=${TIMEOUT}</arg>
<doc>Waits until the element ``locator`` is visible.</doc>
<status status="PASS" starttime="20210617 23:13:02.461" endtime="20210617 23:13:02.488"/>
</kw>
<status status="PASS" starttime="20210617 23:13:02.460" endtime="20210617 23:13:02.488"/>
</kw>
<status status="PASS" starttime="20210617 23:12:51.417" endtime="20210617 23:13:02.489"/>
</test>
<kw name="Fechar o Navegador" library="Commom" type="TEARDOWN">
<kw name="Close Browser" library="SeleniumLibrary">
<doc>Closes the current browser.</doc>
<status status="PASS" starttime="20210617 23:13:02.491" endtime="20210617 23:13:04.662"/>
</kw>
<status status="PASS" starttime="20210617 23:13:02.491" endtime="20210617 23:13:04.662"/>
</kw>
<doc>Suíte de Teste LISTAR - Site: http://automationpractice.com</doc>
<status status="PASS" starttime="20210617 23:12:50.016" endtime="20210617 23:13:04.662"/>
</suite>
<suite id="s1-s2-s2" name="Pesquisar" source="D:\IDrive-Sync\RobotFramework\PrimeExperts\web_testing\desafio_pessoal\tests\Produtos\Pesquisar.robot">
<kw name="Abrir o Navegador" library="Commom" type="SETUP">
<kw name="Open Browser" library="SeleniumLibrary">
<arg>browser=chrome</arg>
<doc>Opens a new browser instance to the optional ``url``.</doc>
<msg timestamp="20210617 23:13:04.713" level="INFO">Opening browser 'chrome' to base url 'None'.</msg>
<status status="PASS" starttime="20210617 23:13:04.713" endtime="20210617 23:13:06.174"/>
</kw>
<status status="PASS" starttime="20210617 23:13:04.712" endtime="20210617 23:13:06.175"/>
</kw>
<test id="s1-s2-s2-t1" name="Caso de Teste 01: Pesquisar produto existente">
<kw name="Acessar a página home do site Automation Practice" library="HeaderPage">
<kw name="Go To" library="SeleniumLibrary">
<arg>${URL}</arg>
<doc>Navigates the current browser window to the provided ``url``.</doc>
<msg timestamp="20210617 23:13:06.178" level="INFO">Opening url 'http://automationpractice.com'</msg>
<status status="PASS" starttime="20210617 23:13:06.178" endtime="20210617 23:13:12.632"/>
</kw>
<kw name="Wait Until Element Is Visible" library="SeleniumLibrary">
<arg>${HEADER}[logo]</arg>
<arg>timeout=${TIMEOUT}</arg>
<doc>Waits until the element ``locator`` is visible.</doc>
<status status="PASS" starttime="20210617 23:13:12.633" endtime="20210617 23:13:12.665"/>
</kw>
<status status="PASS" starttime="20210617 23:13:06.177" endtime="20210617 23:13:12.665"/>
</kw>
<kw name="Digitar o nome do produto &quot;Blouse&quot; no campo de pesquisa" library="HeaderPage" sourcename="Digitar o nome do produto &quot;${PRODUTO}&quot; no campo de pesquisa">
<kw name="Input Text" library="SeleniumLibrary">
<arg>${HEADER}[campo_pesquisa]</arg>
<arg>${PRODUTO}</arg>
<doc>Types the given ``text`` into the text field identified by ``locator``.</doc>
<msg timestamp="20210617 23:13:12.666" level="INFO">Typing text 'Blouse' into text field 'css=input#search_query_top'.</msg>
<status status="PASS" starttime="20210617 23:13:12.666" endtime="20210617 23:13:12.782"/>
</kw>
<status status="PASS" starttime="20210617 23:13:12.666" endtime="20210617 23:13:12.782"/>
</kw>
<kw name="Clicar no botão pesquisar" library="HeaderPage">
<kw name="Click Button" library="SeleniumLibrary">
<arg>${HEADER}[botao_pesquisar]</arg>
<doc>Clicks the button identified by ``locator``.</doc>
<msg timestamp="20210617 23:13:12.784" level="INFO">Clicking button 'css=button[name='submit_search']'.</msg>
<status status="PASS" starttime="20210617 23:13:12.783" endtime="20210617 23:13:14.580"/>
</kw>
<status status="PASS" starttime="20210617 23:13:12.783" endtime="20210617 23:13:14.580"/>
</kw>
<kw name="Conferir se o produto &quot;Blouse&quot; foi listado no site" library="SearchPage" sourcename="Conferir se o produto &quot;${PRODUTO}&quot; foi listado no site">
<kw name="Wait Until Element Is Visible" library="SeleniumLibrary">
<arg>${SEARCH}[botao_comparar]</arg>
<arg>timeout=${TIMEOUT}</arg>
<doc>Waits until the element ``locator`` is visible.</doc>
<status status="PASS" starttime="20210617 23:13:14.581" endtime="20210617 23:13:14.607"/>
</kw>
<kw name="Get Text" library="SeleniumLibrary">
<var>${produto}</var>
<arg>${SEARCH}[links_nomes_produto]</arg>
<doc>Returns the text value of the element identified by ``locator``.</doc>
<msg timestamp="20210617 23:13:14.638" level="INFO">${produto} = Blouse</msg>
<status status="PASS" starttime="20210617 23:13:14.608" endtime="20210617 23:13:14.638"/>
</kw>
<kw name="Should Be True" library="BuiltIn">
<arg>'${PRODUTO}' == '${produto}'</arg>
<doc>Fails if the given condition is not true.</doc>
<status status="PASS" starttime="20210617 23:13:14.638" endtime="20210617 23:13:14.638"/>
</kw>
<status status="PASS" starttime="20210617 23:13:14.581" endtime="20210617 23:13:14.638"/>
</kw>
<kw name="Adicionar o produro &quot;Blouse&quot; no carrinho" library="SearchPage" sourcename="Adicionar o produro &quot;${PRODUTO}&quot; no carrinho">
<kw name="Mouse Over" library="SeleniumLibrary">
<arg>${SEARCH}[links_nomes_produto]</arg>
<doc>Simulates hovering the mouse over the element ``locator``.</doc>
<msg timestamp="20210617 23:13:14.640" level="INFO">Simulating Mouse Over on element 'css=div.product-container a.product-name'.</msg>
<status status="PASS" starttime="20210617 23:13:14.639" endtime="20210617 23:13:14.923"/>
</kw>
<kw name="Click Element" library="SeleniumLibrary">
<arg>${SEARCH}[botao_adicionar_ao_carrinho]</arg>
<doc>Click the element identified by ``locator``.</doc>
<msg timestamp="20210617 23:13:14.925" level="INFO">Clicking element 'css=a[title='Add to cart']'.</msg>
<status status="PASS" starttime="20210617 23:13:14.924" endtime="20210617 23:13:15.003"/>
</kw>
<kw name="Wait Until Element Is Visible" library="SeleniumLibrary">
<arg>${SEARCH}[botao_ir_para_o_carrinho]</arg>
<arg>timeout=${TIMEOUT}</arg>
<doc>Waits until the element ``locator`` is visible.</doc>
<status status="PASS" starttime="20210617 23:13:15.003" endtime="20210617 23:13:16.483"/>
</kw>
<status status="PASS" starttime="20210617 23:13:14.639" endtime="20210617 23:13:16.484"/>
</kw>
<kw name="Conferir se o produto &quot;Blouse&quot; foi adicionado ao carrinho" library="SearchPage" sourcename="Conferir se o produto &quot;${PRODUTO}&quot; foi adicionado ao carrinho">
<kw name="Wait Until Element Is Visible" library="SeleniumLibrary">
<arg>${SEARCH}[div_info_produto]</arg>
<arg>timeout=${TIMEOUT}</arg>
<doc>Waits until the element ``locator`` is visible.</doc>
<status status="PASS" starttime="20210617 23:13:16.486" endtime="20210617 23:13:16.528"/>
</kw>
<kw name="Page Should Contain" library="SeleniumLibrary">
<arg>${SEARCH}[texto_msg_sucesso]</arg>
<doc>Verifies that current page contains ``text``.</doc>
<msg timestamp="20210617 23:13:16.558" level="INFO">Current page contains text 'Product successfully added to your shopping cart'.</msg>
<status status="PASS" starttime="20210617 23:13:16.528" endtime="20210617 23:13:16.558"/>
</kw>
<kw name="Element Should Contain" library="SeleniumLibrary">
<arg>${SEARCH}[nome_produto]</arg>
<arg>${PRODUTO}</arg>
<doc>Verifies that element ``locator`` contains text ``expected``.</doc>
<msg timestamp="20210617 23:13:16.584" level="INFO">Element 'css=span#layer_cart_product_title' contains text 'Blouse'.</msg>
<status status="PASS" starttime="20210617 23:13:16.559" endtime="20210617 23:13:16.584"/>
</kw>
<status status="PASS" starttime="20210617 23:13:16.485" endtime="20210617 23:13:16.584"/>
</kw>
<status status="PASS" starttime="20210617 23:13:06.175" endtime="20210617 23:13:16.585"/>
</test>
<test id="s1-s2-s2-t2" name="Caso de Teste 02: Pesquisar produto não existente">
<kw name="Acessar a página home do site Automation Practice" library="HeaderPage">
<kw name="Go To" library="SeleniumLibrary">
<arg>${URL}</arg>
<doc>Navigates the current browser window to the provided ``url``.</doc>
<msg timestamp="20210617 23:13:16.588" level="INFO">Opening url 'http://automationpractice.com'</msg>
<status status="PASS" starttime="20210617 23:13:16.588" endtime="20210617 23:13:18.608"/>
</kw>
<kw name="Wait Until Element Is Visible" library="SeleniumLibrary">
<arg>${HEADER}[logo]</arg>
<arg>timeout=${TIMEOUT}</arg>
<doc>Waits until the element ``locator`` is visible.</doc>
<status status="PASS" starttime="20210617 23:13:18.609" endtime="20210617 23:13:18.629"/>
</kw>
<status status="PASS" starttime="20210617 23:13:16.588" endtime="20210617 23:13:18.629"/>
</kw>
<kw name="Digitar o nome do produto &quot;itemNãoExistente&quot; no campo de pesquisa" library="SearchPage" sourcename="Digitar o nome do produto &quot;${PRODUTO}&quot; no campo de pesquisa">
<kw name="Input Text" library="SeleniumLibrary">
<arg>${HEADER}[campo_pesquisa]</arg>
<arg>${PRODUTO}</arg>
<doc>Types the given ``text`` into the text field identified by ``locator``.</doc>
<msg timestamp="20210617 23:13:18.631" level="INFO">Typing text 'itemNãoExistente' into text field 'css=input#search_query_top'.</msg>
<status status="PASS" starttime="20210617 23:13:18.630" endtime="20210617 23:13:18.725"/>
</kw>
<status status="PASS" starttime="20210617 23:13:18.630" endtime="20210617 23:13:18.725"/>
</kw>
<kw name="Clicar no botão pesquisar" library="HeaderPage">
<kw name="Click Button" library="SeleniumLibrary">
<arg>${HEADER}[botao_pesquisar]</arg>
<doc>Clicks the button identified by ``locator``.</doc>
<msg timestamp="20210617 23:13:18.727" level="INFO">Clicking button 'css=button[name='submit_search']'.</msg>
<status status="PASS" starttime="20210617 23:13:18.726" endtime="20210617 23:13:21.892"/>
</kw>
<status status="PASS" starttime="20210617 23:13:18.726" endtime="20210617 23:13:21.892"/>
</kw>
<kw name="Conferir mensagem &quot;No results were found for your search &quot;itemNãoExistente&quot;&quot;" library="SearchPage" sourcename="Conferir mensagem &quot;${MENSAGEM}&quot;">
<kw name="Wait Until Element Is Visible" library="SeleniumLibrary">
<arg>${SEARCH}[mensagem_nenhum_resultado_encontrado]</arg>
<arg>timeout=${TIMEOUT}</arg>
<doc>Waits until the element ``locator`` is visible.</doc>
<status status="PASS" starttime="20210617 23:13:21.893" endtime="20210617 23:13:21.915"/>
</kw>
<kw name="Element Should Contain" library="SeleniumLibrary">
<arg>${SEARCH}[mensagem_nenhum_resultado_encontrado]</arg>
<arg>${MENSAGEM}</arg>
<doc>Verifies that element ``locator`` contains text ``expected``.</doc>
<msg timestamp="20210617 23:13:21.933" level="INFO">Element 'css=div#center_column &gt; p' contains text 'No results were found for your search "itemNãoExistente"'.</msg>
<status status="PASS" starttime="20210617 23:13:21.916" endtime="20210617 23:13:21.933"/>
</kw>
<status status="PASS" starttime="20210617 23:13:21.893" endtime="20210617 23:13:21.933"/>
</kw>
<status status="PASS" starttime="20210617 23:13:16.587" endtime="20210617 23:13:21.934"/>
</test>
<kw name="Fechar o Navegador" library="Commom" type="TEARDOWN">
<kw name="Close Browser" library="SeleniumLibrary">
<doc>Closes the current browser.</doc>
<status status="PASS" starttime="20210617 23:13:21.937" endtime="20210617 23:13:24.112"/>
</kw>
<status status="PASS" starttime="20210617 23:13:21.936" endtime="20210617 23:13:24.112"/>
</kw>
<doc>Suíte de Teste PESQUISAR - Site: http://automationpractice.com</doc>
<status status="PASS" starttime="20210617 23:13:04.670" endtime="20210617 23:13:24.112"/>
</suite>
<status status="PASS" starttime="20210617 23:12:50.008" endtime="20210617 23:13:24.121"/>
</suite>
<status status="PASS" starttime="20210617 23:12:31.948" endtime="20210617 23:13:24.129"/>
</suite>
<statistics>
<total>
<stat pass="4" fail="0" skip="0">All Tests</stat>
</total>
<tag>
</tag>
<suite>
<stat pass="4" fail="0" skip="0" id="s1" name="Tests">Tests</stat>
<stat pass="1" fail="0" skip="0" id="s1-s1" name="Conta">Tests.Conta</stat>
<stat pass="1" fail="0" skip="0" id="s1-s1-s1" name="Criar">Tests.Conta.Criar</stat>
<stat pass="3" fail="0" skip="0" id="s1-s2" name="Produtos">Tests.Produtos</stat>
<stat pass="1" fail="0" skip="0" id="s1-s2-s1" name="Listar">Tests.Produtos.Listar</stat>
<stat pass="2" fail="0" skip="0" id="s1-s2-s2" name="Pesquisar">Tests.Produtos.Pesquisar</stat>
</suite>
</statistics>
<errors>
</errors>
</robot>
